Build started 23/03/2020 22:12:36.
     1>Project "C:\Users\Rodrigo\Documents\civ-2802\MyApp\MyApp\MyApp.vcxproj" on node 2 (Build target(s)).
     1>CustomBuild:
         Moc'ing myapp.h...
         Uic'ing myapp.ui...
         Rcc'ing myapp.qrc...
     1>RCC : warning : No resources in 'C:\Users\Rodrigo\Documents\civ-2802\MyApp\MyApp\myapp.qrc'.
         
       ClCompile:
         C:\Program Files (x86)\Microsoft Visual Studio 12.0\VC\bin\CL.exe /c /I.\GeneratedFiles /I. /IC:\Qt\Qt5.4.0\5.4\msvc2013_opengl\include /I.\GeneratedFiles\Release /IC:\Qt\Qt5.4.0\5.4\msvc2013_opengl\include\QtCore /IC:\Qt\Qt5.4.0\5.4\msvc2013_opengl\include\QtGui /IC:\Qt\Qt5.4.0\5.4\msvc2013_opengl\include\QtWidgets /nologo /W1 /WX- /O2 /Oy- /D UNICODE /D WIN32 /D WIN64 /D QT_DLL /D QT_NO_DEBUG /D NDEBUG /D QT_CORE_LIB /D QT_GUI_LIB /D QT_WIDGETS_LIB /Gm- /EHsc /MD /GS /fp:precise /Zc:wchar_t /Zc:forScope /Fo"Release\\" /Fd"Release\vc120.pdb" /Gd /TP /analyze- /errorReport:prompt GeneratedFiles\qrc_myapp.cpp
         qrc_myapp.cpp
         C:\Program Files (x86)\Microsoft Visual Studio 12.0\VC\bin\CL.exe /c /I.\GeneratedFiles /I. /IC:\Qt\Qt5.4.0\5.4\msvc2013_opengl\include /I.\GeneratedFiles\Release /IC:\Qt\Qt5.4.0\5.4\msvc2013_opengl\include\QtCore /IC:\Qt\Qt5.4.0\5.4\msvc2013_opengl\include\QtGui /IC:\Qt\Qt5.4.0\5.4\msvc2013_opengl\include\QtWidgets /nologo /W1 /WX- /O2 /Oy- /D UNICODE /D WIN32 /D WIN64 /D QT_DLL /D QT_NO_DEBUG /D NDEBUG /D QT_CORE_LIB /D QT_GUI_LIB /D QT_WIDGETS_LIB /Gm- /EHsc /MD /GS /fp:precise /Zc:wchar_t /Zc:forScope /Fo"Release\\" /Fd"Release\vc120.pdb" /Gd /TP /analyze- /errorReport:prompt GeneratedFiles\Release\moc_myapp.cpp main.cpp myapp.cpp stack.cpp
         moc_myapp.cpp
         main.cpp
         myapp.cpp
         stack.cpp
         Generating Code...
       Link:
         C:\Program Files (x86)\Microsoft Visual Studio 12.0\VC\bin\link.exe /ERRORREPORT:PROMPT /OUT:"C:\Users\Rodrigo\Documents\civ-2802\MyApp\Win32\Release\\MyApp.exe" /NOLOGO /LIBPATH:C:\Qt\Qt5.4.0\5.4\msvc2013_opengl\lib qtmain.lib Qt5Core.lib Qt5Gui.lib Qt5Widgets.lib kernel32.lib user32.lib gdi32.lib winspool.lib comdlg32.lib advapi32.lib shell32.lib ole32.lib oleaut32.lib uuid.lib odbc32.lib odbccp32.lib /MANIFEST /MANIFESTUAC:"level='asInvoker' uiAccess='false'" /manifest:embed /PDB:"C:\Users\Rodrigo\Documents\civ-2802\MyApp\Win32\Release\MyApp.pdb" /SUBSYSTEM:WINDOWS /TLBID:1 /DYNAMICBASE /NXCOMPAT /IMPLIB:"C:\Users\Rodrigo\Documents\civ-2802\MyApp\Win32\Release\MyApp.lib" /MACHINE:X86 /SAFESEH Release\qrc_myapp.obj
         Release\moc_myapp.obj
         Release\main.obj
         Release\myapp.obj
         Release\stack.obj
         MyApp.vcxproj -> C:\Users\Rodrigo\Documents\civ-2802\MyApp\Win32\Release\MyApp.exe
     1>Done Building Project "C:\Users\Rodrigo\Documents\civ-2802\MyApp\MyApp\MyApp.vcxproj" (Build target(s)).

Build succeeded.

Time Elapsed 00:00:06.31
